SF:lib/app.dart
DA:7,1
DA:9,1
DA:10,1
DA:14,1
DA:16,1
DA:17,1
DA:18,1
DA:19,1
DA:21,1
DA:22,1
DA:27,1
LF:11
LH:11
end_of_record
SF:lib/core/config/providers.dart
DA:8,3
DA:9,4
LF:2
LH:2
end_of_record
SF:lib/core/config/routers.dart
DA:7,3
DA:8,1
DA:9,1
DA:11,1
DA:13,1
DA:15,0
DA:17,1
DA:19,0
DA:20,0
LF:9
LH:6
end_of_record
SF:lib/core/api/api_auth_client.dart
DA:5,0
DA:7,0
DA:9,0
LF:3
LH:0
end_of_record
SF:lib/core/config/env.dart
DA:2,0
DA:4,0
LF:2
LH:0
end_of_record
SF:lib/core/api/api_base_client.dart
DA:13,0
DA:14,0
DA:15,0
DA:16,0
DA:17,0
DA:18,0
DA:19,0
DA:22,0
DA:24,0
DA:27,0
DA:28,0
DA:31,0
DA:32,0
DA:36,0
DA:38,0
DA:39,0
DA:40,0
DA:43,0
DA:45,0
DA:48,0
DA:49,0
DA:50,0
DA:51,0
DA:54,0
DA:55,0
DA:57,0
DA:60,0
DA:65,0
DA:66,0
LF:29
LH:0
end_of_record
SF:lib/core/error/exception.dart
DA:5,0
DA:7,0
DA:9,0
DA:11,0
DA:16,0
DA:17,0
DA:21,0
DA:25,0
DA:29,0
LF:9
LH:0
end_of_record
SF:lib/features/breeds/presentation/providers/breeds_provider.dart
DA:15,0
DA:27,0
DA:28,0
DA:29,0
DA:31,0
DA:32,0
DA:33,0
DA:34,0
DA:35,0
DA:36,0
DA:37,0
DA:40,0
DA:43,0
DA:44,0
DA:45,0
DA:46,0
DA:48,0
DA:49,0
DA:50,0
DA:51,0
DA:52,0
DA:53,0
DA:54,0
DA:55,0
DA:57,0
DA:58,0
DA:60,0
DA:64,0
DA:65,0
DA:68,0
DA:69,0
DA:70,0
DA:71,0
DA:72,0
DA:73,0
DA:74,0
DA:75,0
DA:76,0
DA:79,0
LF:39
LH:0
end_of_record
SF:lib/core/di/injection_feature.dart
DA:5,3
DA:7,0
DA:8,0
DA:9,0
LF:4
LH:1
end_of_record
SF:lib/features/breeds/presentation/pages/breeds_page.dart
DA:13,1
DA:15,0
DA:16,0
DA:24,0
DA:26,0
DA:27,0
DA:28,0
DA:29,0
DA:31,0
DA:32,0
DA:33,0
DA:37,0
DA:40,0
DA:42,0
DA:43,0
DA:44,0
DA:45,0
DA:46,0
DA:47,0
DA:50,0
DA:51,0
DA:52,0
DA:54,0
DA:56,0
DA:57,0
DA:68,0
DA:69,0
DA:72,0
DA:73,0
DA:74,0
DA:75,0
DA:76,0
DA:81,0
DA:82,0
DA:83,0
DA:84,0
DA:86,0
DA:87,0
DA:88,0
DA:89,0
LF:40
LH:1
end_of_record
SF:lib/features/breeds/presentation/pages/detail_breed_page.dart
DA:15,0
DA:21,0
DA:23,0
DA:24,0
DA:30,0
DA:38,0
DA:40,0
DA:41,0
DA:44,0
DA:46,0
DA:47,0
DA:48,0
DA:49,0
DA:50,0
DA:52,0
DA:53,0
DA:54,0
DA:55,0
DA:56,0
DA:57,0
DA:59,0
DA:62,0
DA:63,0
DA:69,0
DA:72,0
DA:74,0
DA:83,0
DA:84,0
DA:86,0
DA:99,0
DA:100,0
DA:108,0
DA:109,0
DA:111,0
DA:112,0
DA:114,0
DA:115,0
DA:116,0
DA:123,0
DA:129,0
DA:132,0
DA:133,0
DA:138,0
DA:147,0
DA:148,0
DA:153,0
DA:161,0
DA:163,0
DA:165,0
DA:167,0
DA:169,0
DA:171,0
DA:185,0
DA:186,0
DA:187,0
DA:189,0
DA:192,0
DA:194,0
DA:199,0
DA:200,0
DA:201,0
DA:202,0
DA:204,0
LF:63
LH:0
end_of_record
SF:lib/features/splash/presentation/pages/splash_page.dart
DA:10,1
DA:12,1
DA:13,1
DA:17,1
DA:19,3
DA:20,2
DA:21,0
DA:22,0
DA:23,0
DA:24,0
DA:25,0
DA:29,1
DA:32,1
DA:34,1
DA:35,1
DA:36,1
DA:37,1
DA:40,1
DA:41,1
DA:43,1
DA:44,2
LF:21
LH:16
end_of_record
SF:lib/core/config/view_state.dart
DA:12,0
DA:18,0
LF:2
LH:0
end_of_record
SF:lib/core/error/failure.dart
DA:4,0
DA:8,0
LF:2
LH:0
end_of_record
SF:lib/core/di/core_module.dart
DA:5,0
DA:6,0
DA:7,0
LF:3
LH:0
end_of_record
SF:lib/features/breeds/di/auth_module.dart
DA:8,0
DA:9,0
DA:10,0
DA:11,0
DA:12,0
LF:5
LH:0
end_of_record
SF:lib/core/models/response_model.dart
DA:4,0
DA:8,0
DA:9,0
LF:3
LH:0
end_of_record
SF:lib/features/breeds/data/datasources/breeds_data_sources.dart
DA:22,0
DA:24,0
DA:28,0
DA:31,0
DA:35,0
DA:38,0
DA:43,0
DA:45,0
DA:47,0
DA:52,0
DA:58,0
DA:59,0
DA:60,0
DA:61,0
DA:62,0
DA:63,0
DA:64,0
DA:66,0
DA:69,0
LF:19
LH:0
end_of_record
SF:lib/features/breeds/data/models/breed_model.dart
DA:4,0
DA:20,0
DA:21,0
DA:22,0
DA:39,0
DA:40,0
DA:41,0
DA:42,0
DA:43,0
DA:44,0
DA:45,0
DA:46,0
DA:47,0
DA:48,0
DA:49,0
DA:50,0
DA:51,0
DA:52,0
LF:18
LH:0
end_of_record
SF:lib/features/breeds/domain/entities/breed.dart
DA:16,0
LF:1
LH:0
end_of_record
SF:lib/features/breeds/data/models/image_model.dart
DA:5,0
DA:11,0
DA:13,0
DA:16,0
DA:19,0
DA:20,0
DA:21,0
DA:22,0
DA:23,0
DA:24,0
DA:25,0
DA:26,0
LF:12
LH:0
end_of_record
SF:lib/features/breeds/domain/entities/image_breed.dart
DA:8,0
LF:1
LH:0
end_of_record
SF:lib/features/breeds/data/repositories/breed_repository_impl.dart
DA:18,0
DA:20,0
DA:26,0
DA:31,0
DA:32,0
DA:34,0
DA:38,0
DA:41,0
DA:45,0
DA:46,0
DA:48,0
DA:52,0
DA:59,0
DA:65,0
DA:66,0
DA:72,0
DA:75,0
DA:76,0
DA:78,0
LF:19
LH:0
end_of_record
SF:lib/features/breeds/di/data_source_module.dart
DA:5,0
DA:6,0
DA:7,0
DA:8,0
LF:4
LH:0
end_of_record
SF:lib/features/breeds/di/provider_module.dart
DA:5,0
DA:6,0
DA:7,0
DA:8,0
DA:9,0
DA:10,0
LF:6
LH:0
end_of_record
SF:lib/features/breeds/di/repository_module.dart
DA:6,0
DA:7,0
DA:8,0
DA:9,0
LF:4
LH:0
end_of_record
SF:lib/features/breeds/di/use_case_module.dart
DA:6,0
DA:7,0
DA:8,0
DA:11,0
DA:12,0
DA:15,0
DA:16,0
LF:7
LH:0
end_of_record
SF:lib/features/breeds/domain/usecases/get_breeds_use_case.dart
DA:11,0
DA:13,0
DA:16,0
DA:17,0
DA:18,0
DA:26,0
LF:6
LH:0
end_of_record
SF:lib/features/breeds/domain/usecases/get_image_breed_by_id_use_case.dart
DA:11,0
DA:13,0
DA:16,0
LF:3
LH:0
end_of_record
SF:lib/features/breeds/domain/usecases/get_images_breeds_use_case.dart
DA:12,0
DA:14,0
DA:18,0
DA:19,0
DA:20,0
DA:21,0
DA:22,0
DA:32,0
LF:8
LH:0
end_of_record
SF:lib/features/breeds/presentation/widgets/filter_breeds.dart
DA:9,1
DA:13,0
DA:15,0
DA:23,0
DA:25,0
DA:26,0
DA:27,0
DA:29,0
DA:32,0
DA:34,0
DA:35,0
DA:36,0
DA:38,0
DA:39,0
DA:46,0
DA:48,0
DA:49,0
DA:52,0
DA:53,0
DA:57,0
DA:60,0
DA:61,0
DA:62,0
DA:64,0
DA:66,0
DA:67,0
DA:68,0
DA:69,0
DA:78,0
DA:79,0
DA:80,0
DA:81,0
DA:82,0
DA:83,0
DA:87,0
DA:88,0
DA:89,0
DA:92,0
DA:93,0
DA:94,0
DA:95,0
DA:96,0
DA:97,0
DA:98,0
DA:100,0
DA:103,0
DA:105,0
DA:106,0
DA:107,0
DA:108,0
DA:109,0
DA:110,0
DA:111,0
DA:113,0
DA:129,0
DA:130,0
DA:131,0
DA:135,0
DA:136,0
DA:137,0
DA:138,0
DA:139,0
DA:146,0
DA:171,0
DA:172,0
DA:182,0
DA:184,0
DA:185,0
DA:186,0
DA:187,0
DA:190,0
DA:192,0
DA:193,0
DA:195,0
DA:198,0
DA:199,0
DA:201,0
DA:202,0
DA:203,0
DA:205,0
DA:206,0
DA:208,0
DA:210,0
DA:211,0
DA:212,0
DA:214,0
DA:215,0
DA:217,0
DA:220,0
DA:224,0
DA:225,0
DA:228,0
DA:229,0
DA:230,0
DA:231,0
DA:232,0
DA:235,0
DA:237,0
DA:239,0
DA:240,0
DA:244,0
DA:245,0
DA:246,0
DA:247,0
DA:248,0
DA:249,0
DA:250,0
DA:256,0
DA:257,0
DA:258,0
DA:266,0
DA:267,0
DA:268,0
DA:269,0
DA:270,0
DA:271,0
DA:272,0
DA:274,0
DA:278,0
DA:279,0
DA:280,0
DA:283,0
DA:285,0
DA:291,0
DA:292,0
DA:295,0
DA:297,0
DA:299,0
DA:300,0
DA:307,0
DA:312,0
DA:314,0
DA:315,0
DA:316,0
DA:317,0
DA:323,0
DA:334,0
DA:336,0
DA:338,0
DA:339,0
DA:340,0
DA:341,0
DA:342,0
LF:143
LH:1
end_of_record
SF:lib/features/breeds/presentation/widgets/item_image_breed.dart
DA:11,0
DA:13,0
DA:15,0
DA:16,0
DA:17,0
DA:18,0
DA:20,0
DA:21,0
DA:23,0
DA:24,0
DA:25,0
DA:26,0
DA:27,0
DA:30,0
DA:31,0
DA:32,0
DA:35,0
DA:36,0
DA:38,0
DA:39,0
DA:40,0
DA:41,0
DA:46,0
DA:52,0
DA:55,0
DA:57,0
DA:61,0
DA:63,0
DA:66,0
DA:67,0
DA:75,0
DA:76,0
DA:78,0
DA:80,0
DA:82,0
LF:35
LH:0
end_of_record
SF:lib/features/breeds/presentation/widgets/title_cat_breeds.dart
DA:4,1
DA:6,0
DA:8,0
DA:10,0
DA:11,0
DA:13,0
LF:6
LH:1
end_of_record
